# JRE version: Java(TM) SE Runtime Environment (8.0_221-b11) (build 1.8.0_221-b11)
# Java VM: Java HotSpot(TM) 64-Bit Server VM (25.221-b11 mixed mode windows-amd64 compressed oops)
Heap:
 PSYoungGen      total 87040K, used 70531K [0x0000000780000000, 0x0000000786000000, 0x00000007c0000000)
  eden space 76800K, 82% used [0x0000000780000000,0x0000000783dbd268,0x0000000784b00000)
  from space 10240K, 71% used [0x0000000785600000,0x0000000785d23b50,0x0000000786000000)
  to   space 10752K, 0% used [0x0000000784b00000,0x0000000784b00000,0x0000000785580000)
 ParOldGen       total 79872K, used 7777K [0x0000000700000000, 0x0000000704e00000, 0x0000000780000000)
  object space 79872K, 9% used [0x0000000700000000,0x0000000700798560,0x0000000704e00000)
 Metaspace       used 33787K, capacity 34336K, committed 34608K, reserved 1079296K
  class space    used 4646K, capacity 4827K, committed 4912K, reserved 1048576K
GC Heap History (10 events):
Event: 5.174 GC heap before
{Heap before GC invocations=3 (full 0):
 PSYoungGen      total 57344K, used 57320K [0x0000000780000000, 0x0000000784000000, 0x00000007c0000000)
  eden space 49152K, 100% used [0x0000000780000000,0x0000000783000000,0x0000000783000000)
  from space 8192K, 99% used [0x0000000783800000,0x0000000783ffa330,0x0000000784000000)
  to   space 8192K, 0% used [0x0000000783000000,0x0000000783000000,0x0000000783800000)
 ParOldGen       total 131072K, used 84K [0x0000000700000000, 0x0000000708000000, 0x0000000780000000)
  object space 131072K, 0% used [0x0000000700000000,0x0000000700015088,0x0000000708000000)
 Metaspace       used 18720K, capacity 19116K, committed 19328K, reserved 1064960K
  class space    used 2732K, capacity 2880K, committed 2944K, reserved 1048576K
Event: 5.190 GC heap after
Heap after GC invocations=3 (full 0):
 PSYoungGen      total 57344K, used 8165K [0x0000000780000000, 0x0000000784000000, 0x00000007c0000000)
  eden space 49152K, 0% used [0x0000000780000000,0x0000000780000000,0x0000000783000000)
  from space 8192K, 99% used [0x0000000783000000,0x00000007837f96e8,0x0000000783800000)
  to   space 8192K, 0% used [0x0000000783800000,0x0000000783800000,0x0000000784000000)
 ParOldGen       total 131072K, used 2200K [0x0000000700000000, 0x0000000708000000, 0x0000000780000000)
  object space 131072K, 1% used [0x0000000700000000,0x0000000700226228,0x0000000708000000)
 Metaspace       used 18720K, capacity 19116K, committed 19328K, reserved 1064960K
  class space    used 2732K, capacity 2880K, committed 2944K, reserved 1048576K
}
Event: 5.582 GC heap before
{Heap before GC invocations=4 (full 0):
 PSYoungGen      total 57344K, used 23719K [0x0000000780000000, 0x0000000784000000, 0x00000007c0000000)
  eden space 49152K, 31% used [0x0000000780000000,0x0000000780f30600,0x0000000783000000)
  from space 8192K, 99% used [0x0000000783000000,0x00000007837f96e8,0x0000000783800000)
  to   space 8192K, 0% used [0x0000000783800000,0x0000000783800000,0x0000000784000000)
 ParOldGen       total 131072K, used 2200K [0x0000000700000000, 0x0000000708000000, 0x0000000780000000)
  object space 131072K, 1% used [0x0000000700000000,0x0000000700226228,0x0000000708000000)
 Metaspace       used 20777K, capacity 21106K, committed 21296K, reserved 1067008K
  class space    used 2952K, capacity 3073K, committed 3120K, reserved 1048576K
Event: 5.590 GC heap after
Heap after GC invocations=4 (full 0):
 PSYoungGen      total 57344K, used 8016K [0x0000000780000000, 0x0000000787000000, 0x00000007c0000000)
  eden space 49152K, 0% used [0x0000000780000000,0x0000000780000000,0x0000000783000000)
  from space 8192K, 97% used [0x0000000783800000,0x0000000783fd4270,0x0000000784000000)
  to   space 8192K, 0% used [0x0000000783000000,0x0000000783000000,0x0000000783800000)
 ParOldGen       total 131072K, used 2208K [0x0000000700000000, 0x0000000708000000, 0x0000000780000000)
  object space 131072K, 1% used [0x0000000700000000,0x0000000700228228,0x0000000708000000)
 Metaspace       used 20777K, capacity 21106K, committed 21296K, reserved 1067008K
  class space    used 2952K, capacity 3073K, committed 3120K, reserved 1048576K
}
Event: 5.590 GC heap before
{Heap before GC invocations=5 (full 1):
 PSYoungGen      total 57344K, used 8016K [0x0000000780000000, 0x0000000787000000, 0x00000007c0000000)
  eden space 49152K, 0% used [0x0000000780000000,0x0000000780000000,0x0000000783000000)
  from space 8192K, 97% used [0x0000000783800000,0x0000000783fd4270,0x0000000784000000)
  to   space 8192K, 0% used [0x0000000783000000,0x0000000783000000,0x0000000783800000)
 ParOldGen       total 131072K, used 2208K [0x0000000700000000, 0x0000000708000000, 0x0000000780000000)
  object space 131072K, 1% used [0x0000000700000000,0x0000000700228228,0x0000000708000000)
 Metaspace       used 20777K, capacity 21106K, committed 21296K, reserved 1067008K
  class space    used 2952K, capacity 3073K, committed 3120K, reserved 1048576K
Event: 5.633 GC heap after
Heap after GC invocations=5 (full 1):
 PSYoungGen      total 57344K, used 0K [0x0000000780000000, 0x0000000787000000, 0x00000007c0000000)
  eden space 49152K, 0% used [0x0000000780000000,0x0000000780000000,0x0000000783000000)
  from space 8192K, 0% used [0x0000000783800000,0x0000000783800000,0x0000000784000000)
  to   space 8192K, 0% used [0x0000000783000000,0x0000000783000000,0x0000000783800000)
 ParOldGen       total 79872K, used 7761K [0x0000000700000000, 0x0000000704e00000, 0x0000000780000000)
  object space 79872K, 9% used [0x0000000700000000,0x0000000700794560,0x0000000704e00000)
 Metaspace       used 20777K, capacity 21106K, committed 21296K, reserved 1067008K
  class space    used 2952K, capacity 3073K, committed 3120K, reserved 1048576K
}
Event: 6.800 GC heap before
{Heap before GC invocations=6 (full 1):
 PSYoungGen      total 57344K, used 49152K [0x0000000780000000, 0x0000000787000000, 0x00000007c0000000)
  eden space 49152K, 100% used [0x0000000780000000,0x0000000783000000,0x0000000783000000)
  from space 8192K, 0% used [0x0000000783800000,0x0000000783800000,0x0000000784000000)
  to   space 8192K, 0% used [0x0000000783000000,0x0000000783000000,0x0000000783800000)
 ParOldGen       total 79872K, used 7761K [0x0000000700000000, 0x0000000704e00000, 0x0000000780000000)
  object space 79872K, 9% used [0x0000000700000000,0x0000000700794560,0x0000000704e00000)
 Metaspace       used 27047K, capacity 27364K, committed 27696K, reserved 1073152K
  class space    used 3657K, capacity 3794K, committed 3888K, reserved 1048576K
Event: 6.809 GC heap after
Heap after GC invocations=6 (full 1):
 PSYoungGen      total 57344K, used 6202K [0x0000000780000000, 0x0000000786100000, 0x00000007c0000000)
  eden space 49152K, 0% used [0x0000000780000000,0x0000000780000000,0x0000000783000000)
  from space 8192K, 75% used [0x0000000783000000,0x000000078360ea58,0x0000000783800000)
  to   space 11264K, 0% used [0x0000000785600000,0x0000000785600000,0x0000000786100000)
 ParOldGen       total 79872K, used 7769K [0x0000000700000000, 0x0000000704e00000, 0x0000000780000000)
  object space 79872K, 9% used [0x0000000700000000,0x0000000700796560,0x0000000704e00000)
 Metaspace       used 27047K, capacity 27364K, committed 27696K, reserved 1073152K
  class space    used 3657K, capacity 3794K, committed 3888K, reserved 1048576K
}
Event: 7.865 GC heap before
{Heap before GC invocations=7 (full 1):
 PSYoungGen      total 57344K, used 55354K [0x0000000780000000, 0x0000000786100000, 0x00000007c0000000)
  eden space 49152K, 100% used [0x0000000780000000,0x0000000783000000,0x0000000783000000)
  from space 8192K, 75% used [0x0000000783000000,0x000000078360ea58,0x0000000783800000)
  to   space 11264K, 0% used [0x0000000785600000,0x0000000785600000,0x0000000786100000)
 ParOldGen       total 79872K, used 7769K [0x0000000700000000, 0x0000000704e00000, 0x0000000780000000)
  object space 79872K, 9% used [0x0000000700000000,0x0000000700796560,0x0000000704e00000)
 Metaspace       used 30293K, capacity 30740K, committed 31024K, reserved 1075200K
  class space    used 4149K, capacity 4331K, committed 4400K, reserved 1048576K
Event: 7.875 GC heap after
Heap after GC invocations=7 (full 1):
 PSYoungGen      total 87040K, used 7310K [0x0000000780000000, 0x0000000786000000, 0x00000007c0000000)
  eden space 76800K, 0% used [0x0000000780000000,0x0000000780000000,0x0000000784b00000)
  from space 10240K, 71% used [0x0000000785600000,0x0000000785d23b50,0x0000000786000000)
  to   space 10752K, 0% used [0x0000000784b00000,0x0000000784b00000,0x0000000785580000)
 ParOldGen       total 79872K, used 7777K [0x0000000700000000, 0x0000000704e00000, 0x0000000780000000)
  object space 79872K, 9% used [0x0000000700000000,0x0000000700798560,0x0000000704e00000)
 Metaspace       used 30293K, capacity 30740K, committed 31024K, reserved 1075200K
  class space    used 4149K, capacity 4331K, committed 4400K, reserved 1048576K
}

