# JRE version: Java(TM) SE Runtime Environment (8.0_221-b11) (build 1.8.0_221-b11)
# Java VM: Java HotSpot(TM) 64-Bit Server VM (25.221-b11 mixed mode windows-amd64 compressed oops)
Heap:
 PSYoungGen      total 57344K, used 32149K [0x0000000780000000, 0x0000000786080000, 0x00000007c0000000)
  eden space 49152K, 52% used [0x0000000780000000,0x000000078194b9b0,0x0000000783000000)
  from space 8192K, 76% used [0x0000000783000000,0x0000000783619dc0,0x0000000783800000)
  to   space 11264K, 0% used [0x0000000785580000,0x0000000785580000,0x0000000786080000)
 ParOldGen       total 80896K, used 7822K [0x0000000700000000, 0x0000000704f00000, 0x0000000780000000)
  object space 80896K, 9% used [0x0000000700000000,0x00000007007a3898,0x0000000704f00000)
 Metaspace       used 28862K, capacity 29212K, committed 29488K, reserved 1075200K
  class space    used 3969K, capacity 4086K, committed 4144K, reserved 1048576K
GC Heap History (10 events):
Event: 4.049 GC heap before
{Heap before GC invocations=2 (full 0):
 PSYoungGen      total 57344K, used 54385K [0x0000000780000000, 0x0000000784000000, 0x00000007c0000000)
  eden space 49152K, 100% used [0x0000000780000000,0x0000000783000000,0x0000000783000000)
  from space 8192K, 63% used [0x0000000783000000,0x000000078351c738,0x0000000783800000)
  to   space 8192K, 0% used [0x0000000783800000,0x0000000783800000,0x0000000784000000)
 ParOldGen       total 131072K, used 16K [0x0000000700000000, 0x0000000708000000, 0x0000000780000000)
  object space 131072K, 0% used [0x0000000700000000,0x0000000700004000,0x0000000708000000)
 Metaspace       used 13801K, capacity 14054K, committed 14208K, reserved 1060864K
  class space    used 1959K, capacity 2073K, committed 2176K, reserved 1048576K
Event: 4.059 GC heap after
Heap after GC invocations=2 (full 0):
 PSYoungGen      total 57344K, used 8173K [0x0000000780000000, 0x0000000784000000, 0x00000007c0000000)
  eden space 49152K, 0% used [0x0000000780000000,0x0000000780000000,0x0000000783000000)
  from space 8192K, 99% used [0x0000000783800000,0x0000000783ffb5e8,0x0000000784000000)
  to   space 8192K, 0% used [0x0000000783000000,0x0000000783000000,0x0000000783800000)
 ParOldGen       total 131072K, used 117K [0x0000000700000000, 0x0000000708000000, 0x0000000780000000)
  object space 131072K, 0% used [0x0000000700000000,0x000000070001d558,0x0000000708000000)
 Metaspace       used 13801K, capacity 14054K, committed 14208K, reserved 1060864K
  class space    used 1959K, capacity 2073K, committed 2176K, reserved 1048576K
}
Event: 5.199 GC heap before
{Heap before GC invocations=3 (full 0):
 PSYoungGen      total 57344K, used 57325K [0x0000000780000000, 0x0000000784000000, 0x00000007c0000000)
  eden space 49152K, 100% used [0x0000000780000000,0x0000000783000000,0x0000000783000000)
  from space 8192K, 99% used [0x0000000783800000,0x0000000783ffb5e8,0x0000000784000000)
  to   space 8192K, 0% used [0x0000000783000000,0x0000000783000000,0x0000000783800000)
 ParOldGen       total 131072K, used 117K [0x0000000700000000, 0x0000000708000000, 0x0000000780000000)
  object space 131072K, 0% used [0x0000000700000000,0x000000070001d558,0x0000000708000000)
 Metaspace       used 18723K, capacity 19116K, committed 19328K, reserved 1064960K
  class space    used 2734K, capacity 2880K, committed 2944K, reserved 1048576K
Event: 5.213 GC heap after
Heap after GC invocations=3 (full 0):
 PSYoungGen      total 57344K, used 8166K [0x0000000780000000, 0x0000000784000000, 0x00000007c0000000)
  eden space 49152K, 0% used [0x0000000780000000,0x0000000780000000,0x0000000783000000)
  from space 8192K, 99% used [0x0000000783000000,0x00000007837f9ae0,0x0000000783800000)
  to   space 8192K, 0% used [0x0000000783800000,0x0000000783800000,0x0000000784000000)
 ParOldGen       total 131072K, used 2219K [0x0000000700000000, 0x0000000708000000, 0x0000000780000000)
  object space 131072K, 1% used [0x0000000700000000,0x000000070022ae88,0x0000000708000000)
 Metaspace       used 18723K, capacity 19116K, committed 19328K, reserved 1064960K
  class space    used 2734K, capacity 2880K, committed 2944K, reserved 1048576K
}
Event: 5.642 GC heap before
{Heap before GC invocations=4 (full 0):
 PSYoungGen      total 57344K, used 24318K [0x0000000780000000, 0x0000000784000000, 0x00000007c0000000)
  eden space 49152K, 32% used [0x0000000780000000,0x0000000780fc6118,0x0000000783000000)
  from space 8192K, 99% used [0x0000000783000000,0x00000007837f9ae0,0x0000000783800000)
  to   space 8192K, 0% used [0x0000000783800000,0x0000000783800000,0x0000000784000000)
 ParOldGen       total 131072K, used 2219K [0x0000000700000000, 0x0000000708000000, 0x0000000780000000)
  object space 131072K, 1% used [0x0000000700000000,0x000000070022ae88,0x0000000708000000)
 Metaspace       used 20840K, capacity 21106K, committed 21296K, reserved 1067008K
  class space    used 2959K, capacity 3073K, committed 3120K, reserved 1048576K
Event: 5.650 GC heap after
Heap after GC invocations=4 (full 0):
 PSYoungGen      total 57344K, used 8069K [0x0000000780000000, 0x0000000784000000, 0x00000007c0000000)
  eden space 49152K, 0% used [0x0000000780000000,0x0000000780000000,0x0000000783000000)
  from space 8192K, 98% used [0x0000000783800000,0x0000000783fe1480,0x0000000784000000)
  to   space 8192K, 0% used [0x0000000783000000,0x0000000783000000,0x0000000783800000)
 ParOldGen       total 131072K, used 2227K [0x0000000700000000, 0x0000000708000000, 0x0000000780000000)
  object space 131072K, 1% used [0x0000000700000000,0x000000070022ce88,0x0000000708000000)
 Metaspace       used 20840K, capacity 21106K, committed 21296K, reserved 1067008K
  class space    used 2959K, capacity 3073K, committed 3120K, reserved 1048576K
}
Event: 5.650 GC heap before
{Heap before GC invocations=5 (full 1):
 PSYoungGen      total 57344K, used 8069K [0x0000000780000000, 0x0000000784000000, 0x00000007c0000000)
  eden space 49152K, 0% used [0x0000000780000000,0x0000000780000000,0x0000000783000000)
  from space 8192K, 98% used [0x0000000783800000,0x0000000783fe1480,0x0000000784000000)
  to   space 8192K, 0% used [0x0000000783000000,0x0000000783000000,0x0000000783800000)
 ParOldGen       total 131072K, used 2227K [0x0000000700000000, 0x0000000708000000, 0x0000000780000000)
  object space 131072K, 1% used [0x0000000700000000,0x000000070022ce88,0x0000000708000000)
 Metaspace       used 20840K, capacity 21106K, committed 21296K, reserved 1067008K
  class space    used 2959K, capacity 3073K, committed 3120K, reserved 1048576K
Event: 5.694 GC heap after
Heap after GC invocations=5 (full 1):
 PSYoungGen      total 57344K, used 0K [0x0000000780000000, 0x0000000784000000, 0x00000007c0000000)
  eden space 49152K, 0% used [0x0000000780000000,0x0000000780000000,0x0000000783000000)
  from space 8192K, 0% used [0x0000000783800000,0x0000000783800000,0x0000000784000000)
  to   space 8192K, 0% used [0x0000000783000000,0x0000000783000000,0x0000000783800000)
 ParOldGen       total 80896K, used 7814K [0x0000000700000000, 0x0000000704f00000, 0x0000000780000000)
  object space 80896K, 9% used [0x0000000700000000,0x00000007007a1898,0x0000000704f00000)
 Metaspace       used 20840K, capacity 21106K, committed 21296K, reserved 1067008K
  class space    used 2959K, capacity 3073K, committed 3120K, reserved 1048576K
}
Event: 6.856 GC heap before
{Heap before GC invocations=6 (full 1):
 PSYoungGen      total 57344K, used 49152K [0x0000000780000000, 0x0000000784000000, 0x00000007c0000000)
  eden space 49152K, 100% used [0x0000000780000000,0x0000000783000000,0x0000000783000000)
  from space 8192K, 0% used [0x0000000783800000,0x0000000783800000,0x0000000784000000)
  to   space 8192K, 0% used [0x0000000783000000,0x0000000783000000,0x0000000783800000)
 ParOldGen       total 80896K, used 7814K [0x0000000700000000, 0x0000000704f00000, 0x0000000780000000)
  object space 80896K, 9% used [0x0000000700000000,0x00000007007a1898,0x0000000704f00000)
 Metaspace       used 27063K, capacity 27364K, committed 27696K, reserved 1073152K
  class space    used 3667K, capacity 3794K, committed 3888K, reserved 1048576K
Event: 6.864 GC heap after
Heap after GC invocations=6 (full 1):
 PSYoungGen      total 57344K, used 6247K [0x0000000780000000, 0x0000000786080000, 0x00000007c0000000)
  eden space 49152K, 0% used [0x0000000780000000,0x0000000780000000,0x0000000783000000)
  from space 8192K, 76% used [0x0000000783000000,0x0000000783619dc0,0x0000000783800000)
  to   space 11264K, 0% used [0x0000000785580000,0x0000000785580000,0x0000000786080000)
 ParOldGen       total 80896K, used 7822K [0x0000000700000000, 0x0000000704f00000, 0x0000000780000000)
  object space 80896K, 9% used [0x0000000700000000,0x00000007007a3898,0x0000000704f00000)
 Metaspace       used 27063K, capacity 27364K, committed 27696K, reserved 1073152K
  class space    used 3667K, capacity 3794K, committed 3888K, reserved 1048576K
}

