# JRE version: Java(TM) SE Runtime Environment (8.0_221-b11) (build 1.8.0_221-b11)
# Java VM: Java HotSpot(TM) 64-Bit Server VM (25.221-b11 mixed mode windows-amd64 compressed oops)
Heap:
 PSYoungGen      total 151040K, used 102437K [0x0000000780000000, 0x000000078d100000, 0x00000007c0000000)
  eden space 134144K, 68% used [0x0000000780000000,0x0000000785934b88,0x0000000788300000)
  from space 16896K, 65% used [0x0000000788300000,0x0000000788dd4bc8,0x0000000789380000)
  to   space 16896K, 0% used [0x000000078c080000,0x000000078c080000,0x000000078d100000)
 ParOldGen       total 130560K, used 71691K [0x0000000700000000, 0x0000000707f80000, 0x0000000780000000)
  object space 130560K, 54% used [0x0000000700000000,0x0000000704602e70,0x0000000707f80000)
 Metaspace       used 49202K, capacity 50222K, committed 50344K, reserved 1093632K
  class space    used 6783K, capacity 7064K, committed 7088K, reserved 1048576K
GC Heap History (10 events):
Event: 8.435 GC heap before
{Heap before GC invocations=9 (full 2):
 PSYoungGen      total 88064K, used 10732K [0x0000000780000000, 0x0000000789000000, 0x00000007c0000000)
  eden space 77312K, 0% used [0x0000000780000000,0x0000000780000000,0x0000000784b80000)
  from space 10752K, 99% used [0x0000000784b80000,0x00000007855fb0f0,0x0000000785600000)
  to   space 12288K, 0% used [0x0000000788400000,0x0000000788400000,0x0000000789000000)
 ParOldGen       total 79872K, used 8464K [0x0000000700000000, 0x0000000704e00000, 0x0000000780000000)
  object space 79872K, 10% used [0x0000000700000000,0x0000000700844008,0x0000000704e00000)
 Metaspace       used 34820K, capacity 35366K, committed 35496K, reserved 1079296K
  class space    used 4801K, capacity 5002K, committed 5040K, reserved 1048576K
Event: 8.508 GC heap after
Heap after GC invocations=9 (full 2):
 PSYoungGen      total 88064K, used 0K [0x0000000780000000, 0x0000000789000000, 0x00000007c0000000)
  eden space 77312K, 0% used [0x0000000780000000,0x0000000780000000,0x0000000784b80000)
  from space 10752K, 0% used [0x0000000784b80000,0x0000000784b80000,0x0000000785600000)
  to   space 12288K, 0% used [0x0000000788400000,0x0000000788400000,0x0000000789000000)
 ParOldGen       total 130560K, used 17486K [0x0000000700000000, 0x0000000707f80000, 0x0000000780000000)
  object space 130560K, 13% used [0x0000000700000000,0x00000007011139a0,0x0000000707f80000)
 Metaspace       used 34736K, capacity 35232K, committed 35496K, reserved 1079296K
  class space    used 4778K, capacity 4956K, committed 5040K, reserved 1048576K
}
Event: 9.504 GC heap before
{Heap before GC invocations=10 (full 2):
 PSYoungGen      total 88064K, used 77312K [0x0000000780000000, 0x0000000789000000, 0x00000007c0000000)
  eden space 77312K, 100% used [0x0000000780000000,0x0000000784b80000,0x0000000784b80000)
  from space 10752K, 0% used [0x0000000784b80000,0x0000000784b80000,0x0000000785600000)
  to   space 12288K, 0% used [0x0000000788400000,0x0000000788400000,0x0000000789000000)
 ParOldGen       total 130560K, used 17486K [0x0000000700000000, 0x0000000707f80000, 0x0000000780000000)
  object space 130560K, 13% used [0x0000000700000000,0x00000007011139a0,0x0000000707f80000)
 Metaspace       used 39807K, capacity 40450K, committed 40616K, reserved 1083392K
  class space    used 5564K, capacity 5750K, committed 5808K, reserved 1048576K
Event: 9.515 GC heap after
Heap after GC invocations=10 (full 2):
 PSYoungGen      total 115200K, used 5836K [0x0000000780000000, 0x0000000788a00000, 0x00000007c0000000)
  eden space 109056K, 0% used [0x0000000780000000,0x0000000780000000,0x0000000786a80000)
  from space 6144K, 94% used [0x0000000788400000,0x00000007889b3190,0x0000000788a00000)
  to   space 12288K, 0% used [0x0000000787200000,0x0000000787200000,0x0000000787e00000)
 ParOldGen       total 130560K, used 17494K [0x0000000700000000, 0x0000000707f80000, 0x0000000780000000)
  object space 130560K, 13% used [0x0000000700000000,0x00000007011159a0,0x0000000707f80000)
 Metaspace       used 39807K, capacity 40450K, committed 40616K, reserved 1083392K
  class space    used 5564K, capacity 5750K, committed 5808K, reserved 1048576K
}
Event: 11.721 GC heap before
{Heap before GC invocations=11 (full 2):
 PSYoungGen      total 115200K, used 111466K [0x0000000780000000, 0x0000000788a00000, 0x00000007c0000000)
  eden space 109056K, 96% used [0x0000000780000000,0x0000000786727928,0x0000000786a80000)
  from space 6144K, 94% used [0x0000000788400000,0x00000007889b3190,0x0000000788a00000)
  to   space 12288K, 0% used [0x0000000787200000,0x0000000787200000,0x0000000787e00000)
 ParOldGen       total 130560K, used 17494K [0x0000000700000000, 0x0000000707f80000, 0x0000000780000000)
  object space 130560K, 13% used [0x0000000700000000,0x00000007011159a0,0x0000000707f80000)
 Metaspace       used 46447K, capacity 47338K, committed 47656K, reserved 1089536K
  class space    used 6356K, capacity 6626K, committed 6704K, reserved 1048576K
Event: 11.738 GC heap after
Heap after GC invocations=11 (full 2):
 PSYoungGen      total 129024K, used 12272K [0x0000000780000000, 0x000000078a300000, 0x00000007c0000000)
  eden space 116736K, 0% used [0x0000000780000000,0x0000000780000000,0x0000000787200000)
  from space 12288K, 99% used [0x0000000787200000,0x0000000787dfc060,0x0000000787e00000)
  to   space 15872K, 0% used [0x0000000789380000,0x0000000789380000,0x000000078a300000)
 ParOldGen       total 130560K, used 23502K [0x0000000700000000, 0x0000000707f80000, 0x0000000780000000)
  object space 130560K, 18% used [0x0000000700000000,0x00000007016f38c0,0x0000000707f80000)
 Metaspace       used 46447K, capacity 47338K, committed 47656K, reserved 1089536K
  class space    used 6356K, capacity 6626K, committed 6704K, reserved 1048576K
}
Event: 12.203 GC heap before
{Heap before GC invocations=12 (full 2):
 PSYoungGen      total 129024K, used 117151K [0x0000000780000000, 0x000000078a300000, 0x00000007c0000000)
  eden space 116736K, 89% used [0x0000000780000000,0x000000078666bc40,0x0000000787200000)
  from space 12288K, 99% used [0x0000000787200000,0x0000000787dfc060,0x0000000787e00000)
  to   space 15872K, 0% used [0x0000000789380000,0x0000000789380000,0x000000078a300000)
 ParOldGen       total 130560K, used 23502K [0x0000000700000000, 0x0000000707f80000, 0x0000000780000000)
  object space 130560K, 18% used [0x0000000700000000,0x00000007016f38c0,0x0000000707f80000)
 Metaspace       used 46646K, capacity 47554K, committed 47656K, reserved 1089536K
  class space    used 6364K, capacity 6626K, committed 6704K, reserved 1048576K
Event: 12.230 GC heap after
Heap after GC invocations=12 (full 2):
 PSYoungGen      total 150016K, used 12896K [0x0000000780000000, 0x000000078bb80000, 0x00000007c0000000)
  eden space 134144K, 0% used [0x0000000780000000,0x0000000780000000,0x0000000788300000)
  from space 15872K, 81% used [0x0000000789380000,0x000000078a0180c0,0x000000078a300000)
  to   space 16896K, 0% used [0x0000000788300000,0x0000000788300000,0x0000000789380000)
 ParOldGen       total 130560K, used 68566K [0x0000000700000000, 0x0000000707f80000, 0x0000000780000000)
  object space 130560K, 52% used [0x0000000700000000,0x00000007042f5900,0x0000000707f80000)
 Metaspace       used 46646K, capacity 47554K, committed 47656K, reserved 1089536K
  class space    used 6364K, capacity 6626K, committed 6704K, reserved 1048576K
}
Event: 13.438 GC heap before
{Heap before GC invocations=13 (full 2):
 PSYoungGen      total 150016K, used 146857K [0x0000000780000000, 0x000000078bb80000, 0x00000007c0000000)
  eden space 134144K, 99% used [0x0000000780000000,0x00000007882d2548,0x0000000788300000)
  from space 15872K, 81% used [0x0000000789380000,0x000000078a0180c0,0x000000078a300000)
  to   space 16896K, 0% used [0x0000000788300000,0x0000000788300000,0x0000000789380000)
 ParOldGen       total 130560K, used 68566K [0x0000000700000000, 0x0000000707f80000, 0x0000000780000000)
  object space 130560K, 52% used [0x0000000700000000,0x00000007042f5900,0x0000000707f80000)
 Metaspace       used 49115K, capacity 50158K, committed 50344K, reserved 1093632K
  class space    used 6783K, capacity 7064K, committed 7088K, reserved 1048576K
Event: 13.455 GC heap after
Heap after GC invocations=13 (full 2):
 PSYoungGen      total 151040K, used 11090K [0x0000000780000000, 0x000000078d100000, 0x00000007c0000000)
  eden space 134144K, 0% used [0x0000000780000000,0x0000000780000000,0x0000000788300000)
  from space 16896K, 65% used [0x0000000788300000,0x0000000788dd4bc8,0x0000000789380000)
  to   space 16896K, 0% used [0x000000078c080000,0x000000078c080000,0x000000078d100000)
 ParOldGen       total 130560K, used 71691K [0x0000000700000000, 0x0000000707f80000, 0x0000000780000000)
  object space 130560K, 54% used [0x0000000700000000,0x0000000704602e70,0x0000000707f80000)
 Metaspace       used 49115K, capacity 50158K, committed 50344K, reserved 1093632K
  class space    used 6783K, capacity 7064K, committed 7088K, reserved 1048576K
}

