# JRE version: Java(TM) SE Runtime Environment (8.0_221-b11) (build 1.8.0_221-b11)
# Java VM: Java HotSpot(TM) 64-Bit Server VM (25.221-b11 mixed mode windows-amd64 compressed oops)
Heap:
 PSYoungGen      total 190976K, used 166064K [0x0000000780000000, 0x000000078e000000, 0x00000007c0000000)
  eden space 157696K, 99% used [0x0000000780000000,0x00000007898ebd98,0x0000000789a00000)
  from space 33280K, 28% used [0x000000078bf80000,0x000000078c8c03a0,0x000000078e000000)
  to   space 35840K, 12% used [0x0000000789a00000,0x0000000789e6f0b8,0x000000078bd00000)
 ParOldGen       total 130560K, used 80587K [0x0000000700000000, 0x0000000707f80000, 0x0000000780000000)
  object space 130560K, 61% used [0x0000000700000000,0x0000000704eb2ea0,0x0000000707f80000)
 Metaspace       used 49318K, capacity 50368K, committed 50600K, reserved 1093632K
  class space    used 6788K, capacity 7066K, committed 7088K, reserved 1048576K
GC Heap History (10 events):
Event: 10.455 GC heap after
Heap after GC invocations=10 (full 2):
 PSYoungGen      total 113664K, used 5861K [0x0000000780000000, 0x0000000788a00000, 0x00000007c0000000)
  eden space 107520K, 0% used [0x0000000780000000,0x0000000780000000,0x0000000786900000)
  from space 6144K, 95% used [0x0000000788400000,0x00000007889b9790,0x0000000788a00000)
  to   space 12288K, 0% used [0x0000000787200000,0x0000000787200000,0x0000000787e00000)
 ParOldGen       total 130560K, used 17531K [0x0000000700000000, 0x0000000707f80000, 0x0000000780000000)
  object space 130560K, 13% used [0x0000000700000000,0x000000070111ef58,0x0000000707f80000)
 Metaspace       used 39824K, capacity 40450K, committed 40616K, reserved 1083392K
  class space    used 5568K, capacity 5750K, committed 5808K, reserved 1048576K
}
Event: 11.698 GC heap before
{Heap before GC invocations=11 (full 2):
 PSYoungGen      total 113664K, used 105937K [0x0000000780000000, 0x0000000788a00000, 0x00000007c0000000)
  eden space 107520K, 93% used [0x0000000780000000,0x00000007861bafd8,0x0000000786900000)
  from space 6144K, 95% used [0x0000000788400000,0x00000007889b9790,0x0000000788a00000)
  to   space 12288K, 0% used [0x0000000787200000,0x0000000787200000,0x0000000787e00000)
 ParOldGen       total 130560K, used 17531K [0x0000000700000000, 0x0000000707f80000, 0x0000000780000000)
  object space 130560K, 13% used [0x0000000700000000,0x000000070111ef58,0x0000000707f80000)
 Metaspace       used 43005K, capacity 43744K, committed 43944K, reserved 1087488K
  class space    used 5994K, capacity 6250K, committed 6320K, reserved 1048576K
Event: 11.723 GC heap after
Heap after GC invocations=11 (full 2):
 PSYoungGen      total 129024K, used 12287K [0x0000000780000000, 0x000000078af80000, 0x00000007c0000000)
  eden space 116736K, 0% used [0x0000000780000000,0x0000000780000000,0x0000000787200000)
  from space 12288K, 99% used [0x0000000787200000,0x0000000787dffec8,0x0000000787e00000)
  to   space 22016K, 0% used [0x0000000789a00000,0x0000000789a00000,0x000000078af80000)
 ParOldGen       total 130560K, used 38656K [0x0000000700000000, 0x0000000707f80000, 0x0000000780000000)
  object space 130560K, 29% used [0x0000000700000000,0x00000007025c03d8,0x0000000707f80000)
 Metaspace       used 43005K, capacity 43744K, committed 43944K, reserved 1087488K
  class space    used 5994K, capacity 6250K, committed 6320K, reserved 1048576K
}
Event: 12.232 GC heap before
{Heap before GC invocations=12 (full 2):
 PSYoungGen      total 129024K, used 104706K [0x0000000780000000, 0x000000078af80000, 0x00000007c0000000)
  eden space 116736K, 79% used [0x0000000780000000,0x0000000785a40c20,0x0000000787200000)
  from space 12288K, 99% used [0x0000000787200000,0x0000000787dffec8,0x0000000787e00000)
  to   space 22016K, 0% used [0x0000000789a00000,0x0000000789a00000,0x000000078af80000)
 ParOldGen       total 130560K, used 38656K [0x0000000700000000, 0x0000000707f80000, 0x0000000780000000)
  object space 130560K, 29% used [0x0000000700000000,0x00000007025c03d8,0x0000000707f80000)
 Metaspace       used 43209K, capacity 43964K, committed 44200K, reserved 1087488K
  class space    used 6003K, capacity 6250K, committed 6320K, reserved 1048576K
Event: 12.258 GC heap after
Heap after GC invocations=12 (full 2):
 PSYoungGen      total 141824K, used 21984K [0x0000000780000000, 0x000000078e280000, 0x00000007c0000000)
  eden space 119808K, 0% used [0x0000000780000000,0x0000000780000000,0x0000000787500000)
  from space 22016K, 99% used [0x0000000789a00000,0x000000078af78040,0x000000078af80000)
  to   space 37888K, 0% used [0x0000000787500000,0x0000000787500000,0x0000000789a00000)
 ParOldGen       total 130560K, used 73258K [0x0000000700000000, 0x0000000707f80000, 0x0000000780000000)
  object space 130560K, 56% used [0x0000000700000000,0x000000070478a8c0,0x0000000707f80000)
 Metaspace       used 43209K, capacity 43964K, committed 44200K, reserved 1087488K
  class space    used 6003K, capacity 6250K, committed 6320K, reserved 1048576K
}
Event: 13.237 GC heap before
{Heap before GC invocations=13 (full 2):
 PSYoungGen      total 141824K, used 141792K [0x0000000780000000, 0x000000078e280000, 0x00000007c0000000)
  eden space 119808K, 100% used [0x0000000780000000,0x0000000787500000,0x0000000787500000)
  from space 22016K, 99% used [0x0000000789a00000,0x000000078af78040,0x000000078af80000)
  to   space 37888K, 0% used [0x0000000787500000,0x0000000787500000,0x0000000789a00000)
 ParOldGen       total 130560K, used 73258K [0x0000000700000000, 0x0000000707f80000, 0x0000000780000000)
  object space 130560K, 56% used [0x0000000700000000,0x000000070478a8c0,0x0000000707f80000)
 Metaspace       used 44807K, capacity 45692K, committed 45992K, reserved 1089536K
  class space    used 6285K, capacity 6526K, committed 6576K, reserved 1048576K
Event: 13.250 GC heap after
Heap after GC invocations=13 (full 2):
 PSYoungGen      total 157696K, used 5504K [0x0000000780000000, 0x000000078e400000, 0x00000007c0000000)
  eden space 119808K, 0% used [0x0000000780000000,0x0000000780000000,0x0000000787500000)
  from space 37888K, 14% used [0x0000000787500000,0x0000000787a60200,0x0000000789a00000)
  to   space 37376K, 0% used [0x000000078bf80000,0x000000078bf80000,0x000000078e400000)
 ParOldGen       total 130560K, used 76087K [0x0000000700000000, 0x0000000707f80000, 0x0000000780000000)
  object space 130560K, 58% used [0x0000000700000000,0x0000000704a4de30,0x0000000707f80000)
 Metaspace       used 44807K, capacity 45692K, committed 45992K, reserved 1089536K
  class space    used 6285K, capacity 6526K, committed 6576K, reserved 1048576K
}
Event: 13.860 GC heap before
{Heap before GC invocations=14 (full 2):
 PSYoungGen      total 157696K, used 122692K [0x0000000780000000, 0x000000078e400000, 0x00000007c0000000)
  eden space 119808K, 97% used [0x0000000780000000,0x0000000787270f10,0x0000000787500000)
  from space 37888K, 14% used [0x0000000787500000,0x0000000787a60200,0x0000000789a00000)
  to   space 37376K, 0% used [0x000000078bf80000,0x000000078bf80000,0x000000078e400000)
 ParOldGen       total 130560K, used 76087K [0x0000000700000000, 0x0000000707f80000, 0x0000000780000000)
  object space 130560K, 58% used [0x0000000700000000,0x0000000704a4de30,0x0000000707f80000)
 Metaspace       used 45763K, capacity 46760K, committed 46888K, reserved 1089536K
  class space    used 6422K, capacity 6688K, committed 6704K, reserved 1048576K
Event: 13.869 GC heap after
Heap after GC invocations=14 (full 2):
 PSYoungGen      total 190976K, used 9472K [0x0000000780000000, 0x000000078e000000, 0x00000007c0000000)
  eden space 157696K, 0% used [0x0000000780000000,0x0000000780000000,0x0000000789a00000)
  from space 33280K, 28% used [0x000000078bf80000,0x000000078c8c03a0,0x000000078e000000)
  to   space 35840K, 0% used [0x0000000789a00000,0x0000000789a00000,0x000000078bd00000)
 ParOldGen       total 130560K, used 78759K [0x0000000700000000, 0x0000000707f80000, 0x0000000780000000)
  object space 130560K, 60% used [0x0000000700000000,0x0000000704ce9e90,0x0000000707f80000)
 Metaspace       used 45763K, capacity 46760K, committed 46888K, reserved 1089536K
  class space    used 6422K, capacity 6688K, committed 6704K, reserved 1048576K
}
Event: 17.351 GC heap before
{Heap before GC invocations=15 (full 2):
 PSYoungGen      total 190976K, used 166064K [0x0000000780000000, 0x000000078e000000, 0x00000007c0000000)
  eden space 157696K, 99% used [0x0000000780000000,0x00000007898ebd98,0x0000000789a00000)
  from space 33280K, 28% used [0x000000078bf80000,0x000000078c8c03a0,0x000000078e000000)
  to   space 35840K, 0% used [0x0000000789a00000,0x0000000789a00000,0x000000078bd00000)
 ParOldGen       total 130560K, used 78759K [0x0000000700000000, 0x0000000707f80000, 0x0000000780000000)
  object space 130560K, 60% used [0x0000000700000000,0x0000000704ce9e90,0x0000000707f80000)
 Metaspace       used 49318K, capacity 50368K, committed 50600K, reserved 1093632K
  class space    used 6788K, capacity 7066K, committed 7088K, reserved 1048576K

